\BOOKMARK [1][-]{section.0.1}{Important notes}{}% 1
\BOOKMARK [0][-]{chapter.1}{Purpose and theoretical background}{}% 2
\BOOKMARK [1][-]{section.1.1}{Nodeless constructiuon}{chapter.1}% 3
\BOOKMARK [2][-]{subsection.1.1.1}{Basic definitions}{section.1.1}% 4
\BOOKMARK [2][-]{subsection.1.1.2}{Augmentation from node-reduced wave functions}{section.1.1}% 5
\BOOKMARK [2][-]{subsection.1.1.3}{Pseudo wave functions from node-reduced wave functions}{section.1.1}% 6
\BOOKMARK [1][-]{section.1.2}{Relativistic effects}{chapter.1}% 7
\BOOKMARK [2][-]{subsection.1.2.1}{Dirac equation}{section.1.2}% 8
\BOOKMARK [2][-]{subsection.1.2.2}{Approximation}{section.1.2}% 9
\BOOKMARK [2][-]{subsection.1.2.3}{Relativistic augmentation}{section.1.2}% 10
\BOOKMARK [2][-]{subsection.1.2.4}{Approximation of relativistic effects for the PAW-Hamiltonian}{section.1.2}% 11
\BOOKMARK [2][-]{subsection.1.2.5}{Relativistic PAW-Hamiltonian}{section.1.2}% 12
\BOOKMARK [2][-]{subsection.1.2.6}{Nodeless construction for the Dirac equation}{section.1.2}% 13
\BOOKMARK [2][-]{subsection.1.2.7}{Spinor harmonics}{section.1.2}% 14
\BOOKMARK [2][-]{subsection.1.2.8}{Spherical Dirac equations in spinor harmonics}{section.1.2}% 15
\BOOKMARK [1][-]{section.1.3}{Pseudization}{chapter.1}% 16
\BOOKMARK [2][-]{subsection.1.3.1}{Pseudization of core density and potential}{section.1.3}% 17
\BOOKMARK [1][-]{section.1.4}{Nucleus with finite size}{chapter.1}% 18
\BOOKMARK [1][-]{section.1.5}{Fock term}{chapter.1}% 19
\BOOKMARK [2][-]{subsection.1.5.1}{Generalized perturbation theory}{section.1.5}% 20
\BOOKMARK [2][-]{subsection.1.5.2}{Apply Fock potential to a function}{section.1.5}% 21
\BOOKMARK [0][-]{chapter.2}{Setup construction and Setup parameters}{}% 22
\BOOKMARK [0][-]{chapter.3}{Code structure}{}% 23
\BOOKMARK [1][-]{section.3.1}{Code to construct automatic stp.cntl file}{chapter.3}% 24
\BOOKMARK [1][-]{section.3.2}{Flowchart of the paw\137setups object}{chapter.3}% 25
\BOOKMARK [1][-]{section.3.3}{ATOMLIB\044AESCF}{chapter.3}% 26
\BOOKMARK [1][-]{section.3.4}{Setups\137newpro}{chapter.3}% 27
\BOOKMARK [2][-]{subsection.3.4.1}{Input variables}{section.3.4}% 28
\BOOKMARK [2][-]{subsection.3.4.2}{Flow chart}{section.3.4}% 29
\BOOKMARK [0][-]{appendix.A}{Remarks}{}% 30
\BOOKMARK [0][-]{appendix.B}{Useful formulas}{}% 31
\BOOKMARK [0][-]{appendix.C}{Taylor expansion of node-reduced partial waves}{}% 32
\BOOKMARK [0][-]{appendix.D}{Derivation of inhomogeneity for the radial Dirac equation}{}% 33
\BOOKMARK [0][-]{appendix.E}{Parameters for the Setup construction}{}% 34
\BOOKMARK [1][-]{subsection.E.0.3}{Parameters for the HBS-type construction}{appendix.E}% 35
